[JsonStore] Lecture JSON impossible normalized\results\epicgames_S40_PerformanceEvaluation_EU\S40_PerformanceEvaluation_Event10Round1_EU\page_0.json
Error: Fichier introuvable: normalized\results\epicgames_S40_PerformanceEvaluation_EU\S40_PerformanceEvaluation_Event10Round1_EU\page_0.json
    at readData (C:\Users\alvin\OneDrive\Documents\Projet js\Fn project\server\src\storage\jsonStore.js:11:13)
    at loadNormalizedData (C:\Users\alvin\OneDrive\Documents\Projet js\Fn project\server\src\storage\normalizedStore.js:16:24)
    at updateLeaderboardWindow (C:\Users\alvin\OneDrive\Documents\Projet js\Fn project\server\src\jobs\leaderboardResults.shared.js:32:28)
    at updateLiveEventsResults (C:\Users\alvin\OneDrive\Documents\Projet js\Fn project\server\src\jobs\liveEventResults.job.js:132:28)
    at runLiveEventsResultJob (C:\Users\alvin\OneDrive\Documents\Projet js\Fn project\server\src\jobs\liveEventResults.job.js:46:27)
    at async runWithOrchestrationLock (C:\Users\alvin\OneDrive\Documents\Projet js\Fn project\server\src\jobs\orchestration.shared.js:21:20)
    at async runCronTask (C:\Users\alvin\OneDrive\Documents\Projet js\Fn project\server\src\jobs\cron.js:19:20)
    at async Task._execution (C:\Users\alvin\OneDrive\Documents\Projet js\Fn project\server\src\jobs\cron.js:30:3)
node:internal/process/promises:394
    triggerUncaughtException(err, true /* fromPromise */);
    ^

AxiosError [AggregateError]
    at AxiosError.from (C:\Users\alvin\OneDrive\Documents\Projet js\Fn project\server\node_modules\axios\dist\node\axios.cjs:1248:24)
    at RedirectableRequest.handleRequestError (C:\Users\alvin\OneDrive\Documents\Projet js\Fn project\server\node_modules\axios\dist\node\axios.cjs:3611:25)
    at RedirectableRequest.emit (node:events:518:28)
    at eventHandlers.<computed> (C:\Users\alvin\OneDrive\Documents\Projet js\Fn project\server\node_modules\follow-redirects\index.js:56:24)
    at ClientRequest.emit (node:events:518:28)
    at emitErrorEvent (node:_http_client:104:11)
    at TLSSocket.socketErrorListener (node:_http_client:518:5)
    at TLSSocket.emit (node:events:530:35)
    at emitErrorNT (node:internal/streams/destroy:170:8)
    at emitErrorCloseNT (node:internal/streams/destroy:129:3)
    at Axios.request (C:\Users\alvin\OneDrive\Documents\Projet js\Fn project\server\node_modules\axios\dist\node\axios.cjs:4871:41)
    at process.processTicksAndRejections (node:internal/process/task_queues:105:5)
    at async HTTP.request (C:\Users\alvin\OneDrive\Documents\Projet js\Fn project\server\node_modules\fnbr\dist\src\http\HTTP.js:42:30)
    at async HTTP.epicgamesRequest (C:\Users\alvin\OneDrive\Documents\Projet js\Fn project\server\node_modules\fnbr\dist\src\http\HTTP.js:99:20)
    at async FortniteAuthSession.refresh (C:\Users\alvin\OneDrive\Documents\Projet js\Fn project\server\node_modules\fnbr\dist\src\auth\FortniteAuthSession.js:75:30) {
  isAxiosError: true,
  code: 'ETIMEDOUT',
  config: [Object: null prototype] {
    transitional: {
      silentJSONParsing: true,
      forcedJSONParsing: true,
      clarifyTimeoutError: false,
      legacyInterceptorReqResOrdering: true
    },
    adapter: [ 'xhr', 'http', 'fetch' ],
    transformRequest: [ [Function: transformRequest] ],
    transformResponse: [ [Function: transformResponse] ],
    timeout: 0,
    xsrfCookieName: 'XSRF-TOKEN',
    xsrfHeaderName: 'X-XSRF-TOKEN',
    maxContentLength: -1,
    maxBodyLength: -1,
    env: {
      FormData: [Function: FormData] {
        LINE_BREAK: '\r\n',
        DEFAULT_CONTENT_TYPE: 'application/octet-stream'
      },
      Blob: [class Blob]
    },
    validateStatus: [Function: validateStatus],
    headers: Object [AxiosHeaders] {
      Accept: 'application/json, text/plain, */*',
      'Content-Type': 'application/x-www-form-urlencoded',
      'Accept-Language': 'en',
      Authorization: 'basic M2Y2OWU1NmM3NjQ5NDkyYzhjYzI5ZjFhZjA4YThhMTI6YjUxZWU5Y2IxMjIzNGY1MGE2OWVmYTY3ZWY1MzgxMmU=',
      'User-Agent': 'axios/1.16.0',
      'Content-Length': '1085',
      'Accept-Encoding': 'gzip, compress, deflate, br'
    },
    method: 'post',
    url: 'https://account-public-service-prod.ol.epicgames.com/account/api/oauth/token',
    data: 'grant_type=refresh_token&refresh_token=eg1%7EeyJraWQiOiJnX19WS2pTU21xSjB4WmoxUllrTEdLUTdkbkhpTTlNTGhGVndLUHlTREI0IiwiYWxnIjoiUFMyNTYifQ.eyJzdWIiOiI3YWY3NmRkNGRjMTU0YjNhOTRlZWRjYjg5MmIwMTAyMyIsInQiOiJyIiwiY2xpZCI6IjNmNjllNTZjNzY0OTQ5MmM4Y2MyOWYxYWYwOGE4YTEyIiwiZXhwIjoxNzc5NTQ2NDY1LCJhbSI6ImRldmljZV9hdXRoIiwianRpIjoiMzFiOTdlYWRjNjI3NDIyMmI0ZDVlY2E0ZTU3M2VmY2YiLCJwZnBpZCI6InByb2QtZm4ifQ.kE-koWKacWZMmx9lg8xh2qQWbw6rLpJQhYoT34oQVnt2gmj_7Bmu-btvdqoPmv6Nb3Dd3gBeqU8Te7twwY5IQ6BreHb1-OrbkjF19lMeIpC42xQVllTSb7IB13J40Wf7CAIM5s7_vBBTa-tWfwVqp_VPm8MTJ1zJ0AFscI0PW-8UcwwWpso-Iwp8DQpDsTDQqnGsjcURN0RjyuL80HSECsW6EaGCMstIaVU7O6ZTIgns7kw9Ddmrm37jCAj5-FpmkCP6Krz-KSbIUgYhCnWtRIE7ExFRRBTchf4nU95xXedaX8fdnWF6As29bItU33scWtuRQx1y1MHNwGAgM_tcG251vxj0s_HdK0A5FKNrhXVRt78Ale9NmynCloiSjL4qIDct9-UYi-_1vvzf8QZS2rhmCAfEKlmhj6sJlfT_o6eMk3hovdLQsJW8Ydkq3Yz2EF_P6IOQwyKjFyIilrFRLuvTD0J1zLETICqKgg4vmN1hhnW39zfJTyl5e6LU-Kp64O6nhZih8HcvEzsXnNO-QFV1tNHO4dpq7iiCM_wjhYKc-ErXvi5B_1s2b8HOVvCJSQOu6dE93LFbXjRZ1Ur7Faz4ir5IG5e0sbu6yetqluHDRT2wEge07S8dr5G-JZ8n_X6h44m4_OoUt6hzEkJ9bsEVJSC2v6WcJG40PKdLc4o&token_type=eg1',
    allowAbsoluteUrls: true
  },
  request: <ref *1> Writable {
    _events: {
      close: undefined,
      error: [Function: handleRequestError],
      prefinish: undefined,
      finish: undefined,
      drain: undefined,
      response: [Function: handleResponse],
      socket: [ [Function: handleRequestSocket], [Function: destroyOnTimeout] ],
      abort: undefined
    },
    _writableState: WritableState {
      highWaterMark: 16384,
      length: 0,
      corked: 0,
      onwrite: [Function: bound onwrite],
      writelen: 0,
      bufferedIndex: 0,
      pendingcb: 0,
      [Symbol(kState)]: 17581054,
      [Symbol(kBufferedValue)]: null,
      [Symbol(kErroredValue)]: AggregateError [ETIMEDOUT]: 
          at internalConnectMultiple (node:net:1134:18)
          at afterConnectMultiple (node:net:1715:7) {
        code: 'ETIMEDOUT',
        [errors]: [
          Error: connect ETIMEDOUT 98.95.226.191:443
              at createConnectionError (node:net:1678:14)
              at Timeout.internalConnectMultipleTimeout (node:net:1737:38)
              at listOnTimeout (node:internal/timers:590:11)
              at process.processTimers (node:internal/timers:523:7) {
            errno: -4039,
            code: 'ETIMEDOUT',
            syscall: 'connect',
            address: '98.95.226.191',
            port: 443
          },
          Error: connect ETIMEDOUT 52.206.139.165:443
              at createConnectionError (node:net:1678:14)
              at Timeout.internalConnectMultipleTimeout (node:net:1737:38)
              at listOnTimeout (node:internal/timers:590:11)
              at process.processTimers (node:internal/timers:523:7) {
            errno: -4039,
            code: 'ETIMEDOUT',
            syscall: 'connect',
            address: '52.206.139.165',
            port: 443
          },
          Error: connect ETIMEDOUT 54.147.192.141:443
              at createConnectionError (node:net:1678:14)
              at Timeout.internalConnectMultipleTimeout (node:net:1737:38)
              at listOnTimeout (node:internal/timers:590:11)
              at process.processTimers (node:internal/timers:523:7) {
            errno: -4039,
            code: 'ETIMEDOUT',
            syscall: 'connect',
            address: '54.147.192.141',
            port: 443
          },
          Error: connect ETIMEDOUT 52.7.45.227:443
              at createConnectionError (node:net:1678:14)
              at Timeout.internalConnectMultipleTimeout (node:net:1737:38)
              at listOnTimeout (node:internal/timers:590:11)
              at process.processTimers (node:internal/timers:523:7) {
            errno: -4039,
            code: 'ETIMEDOUT',
            syscall: 'connect',
            address: '52.7.45.227',
            port: 443
          },
          Error: connect ETIMEDOUT 100.30.41.242:443
              at createConnectionError (node:net:1678:14)
              at Timeout.internalConnectMultipleTimeout (node:net:1737:38)
              at listOnTimeout (node:internal/timers:590:11)
              at process.processTimers (node:internal/timers:523:7) {
            errno: -4039,
            code: 'ETIMEDOUT',
            syscall: 'connect',
            address: '100.30.41.242',
            port: 443
          },
          Error: connect ETIMEDOUT 34.233.115.163:443
              at createConnectionError (node:net:1678:14)
              at Timeout.internalConnectMultipleTimeout (node:net:1737:38)
              at listOnTimeout (node:internal/timers:590:11)
              at process.processTimers (node:internal/timers:523:7) {
            errno: -4039,
            code: 'ETIMEDOUT',
            syscall: 'connect',
            address: '34.233.115.163',
            port: 443
          },
          Error: connect ETIMEDOUT 3.228.85.187:443
              at createConnectionError (node:net:1678:14)
              at Timeout.internalConnectMultipleTimeout (node:net:1737:38)
              at listOnTimeout (node:internal/timers:590:11)
              at process.processTimers (node:internal/timers:523:7) {
            errno: -4039,
            code: 'ETIMEDOUT',
            syscall: 'connect',
            address: '3.228.85.187',
            port: 443
          },
          Error: connect ETIMEDOUT 3.228.74.108:443
              at createConnectionError (node:net:1678:14)
              at afterConnectMultiple (node:net:1708:16) {
            errno: -4039,
            code: 'ETIMEDOUT',
            syscall: 'connect',
            address: '3.228.74.108',
            port: 443
          }
        ]
      }
    },
    _maxListeners: undefined,
    _options: {
      maxRedirects: 21,
      maxBodyLength: Infinity,
      protocol: 'https:',
      path: '/account/api/oauth/token',
      method: 'POST',
      headers: [Object: null prototype] {
        Accept: 'application/json, text/plain, */*',
        'Content-Type': 'application/x-www-form-urlencoded',
        'Accept-Language': 'en',
        Authorization: 'basic M2Y2OWU1NmM3NjQ5NDkyYzhjYzI5ZjFhZjA4YThhMTI6YjUxZWU5Y2IxMjIzNGY1MGE2OWVmYTY3ZWY1MzgxMmU=',
        'User-Agent': 'axios/1.16.0',
        'Content-Length': '1085',
        'Accept-Encoding': 'gzip, compress, deflate, br'
      },
      agents: { http: undefined, https: undefined },
      auth: undefined,
      family: undefined,
      beforeRedirect: [Function: dispatchBeforeRedirect],
      beforeRedirects: [Object: null prototype] { proxy: [Function: beforeRedirect] },
      http2Options: undefined,
      hostname: 'account-public-service-prod.ol.epicgames.com',
      port: '',
      agent: undefined,
      insecureHTTPParser: false,
      nativeProtocols: {
        'http:': {
          _connectionListener: [Function: connectionListener],
          METHODS: [
            'ACL',        'BIND',        'CHECKOUT',
            'CONNECT',    'COPY',        'DELETE',
            'GET',        'HEAD',        'LINK',
            'LOCK',       'M-SEARCH',    'MERGE',
            'MKACTIVITY', 'MKCALENDAR',  'MKCOL',
            'MOVE',       'NOTIFY',      'OPTIONS',
            'PATCH',      'POST',        'PROPFIND',
            'PROPPATCH',  'PURGE',       'PUT',
            'QUERY',      'REBIND',      'REPORT',
            'SEARCH',     'SOURCE',      'SUBSCRIBE',
            'TRACE',      'UNBIND',      'UNLINK',
            'UNLOCK',     'UNSUBSCRIBE'
          ],
          STATUS_CODES: {
            '100': 'Continue',
            '101': 'Switching Protocols',
            '102': 'Processing',
            '103': 'Early Hints',
            '200': 'OK',
            '201': 'Created',
            '202': 'Accepted',
            '203': 'Non-Authoritative Information',
            '204': 'No Content',
            '205': 'Reset Content',
            '206': 'Partial Content',
            '207': 'Multi-Status',
            '208': 'Already Reported',
            '226': 'IM Used',
            '300': 'Multiple Choices',
            '301': 'Moved Permanently',
            '302': 'Found',
            '303': 'See Other',
            '304': 'Not Modified',
            '305': 'Use Proxy',
            '307': 'Temporary Redirect',
            '308': 'Permanent Redirect',
            '400': 'Bad Request',
            '401': 'Unauthorized',
            '402': 'Payment Required',
            '403': 'Forbidden',
            '404': 'Not Found',
            '405': 'Method Not Allowed',
            '406': 'Not Acceptable',
            '407': 'Proxy Authentication Required',
            '408': 'Request Timeout',
            '409': 'Conflict',
            '410': 'Gone',
            '411': 'Length Required',
            '412': 'Precondition Failed',
            '413': 'Payload Too Large',
            '414': 'URI Too Long',
            '415': 'Unsupported Media Type',
            '416': 'Range Not Satisfiable',
            '417': 'Expectation Failed',
            '418': "I'm a Teapot",
            '421': 'Misdirected Request',
            '422': 'Unprocessable Entity',
            '423': 'Locked',
            '424': 'Failed Dependency',
            '425': 'Too Early',
            '426': 'Upgrade Required',
            '428': 'Precondition Required',
            '429': 'Too Many Requests',
            '431': 'Request Header Fields Too Large',
            '451': 'Unavailable For Legal Reasons',
            '500': 'Internal Server Error',
            '501': 'Not Implemented',
            '502': 'Bad Gateway',
            '503': 'Service Unavailable',
            '504': 'Gateway Timeout',
            '505': 'HTTP Version Not Supported',
            '506': 'Variant Also Negotiates',
            '507': 'Insufficient Storage',
            '508': 'Loop Detected',
            '509': 'Bandwidth Limit Exceeded',
            '510': 'Not Extended',
            '511': 'Network Authentication Required'
          },
          Agent: [Function: Agent] { defaultMaxSockets: Infinity },
          ClientRequest: [Function: ClientRequest],
          IncomingMessage: [Function: IncomingMessage],
          OutgoingMessage: [Function: OutgoingMessage],
          Server: [Function: Server],
          ServerResponse: [Function: ServerResponse],
          createServer: [Function: createServer],
          validateHeaderName: [Function: validateHeaderName] {
            withoutStackTrace: [Function (anonymous)]
          },
          validateHeaderValue: [Function: validateHeaderValue] {
            withoutStackTrace: [Function (anonymous)]
          },
          get: [Function: get],
          request: [Function: request],
          setMaxIdleHTTPParsers: [Function: setMaxIdleHTTPParsers],
          maxHeaderSize: [Getter],
          globalAgent: [Getter/Setter],
          WebSocket: [Getter],
          CloseEvent: [Getter],
          MessageEvent: [Getter]
        },
        'https:': {
          Agent: [Function: Agent],
          globalAgent: Agent {
            _events: [Object: null prototype],
            _eventsCount: 2,
            _maxListeners: undefined,
            defaultPort: 443,
            protocol: 'https:',
            options: [Object: null prototype],
            requests: [Object: null prototype] {},
            sockets: [Object: null prototype],
            freeSockets: [Object: null prototype] {},
            keepAliveMsecs: 1000,
            keepAlive: true,
            maxSockets: Infinity,
            maxFreeSockets: 256,
            scheduling: 'lifo',
            maxTotalSockets: Infinity,
            totalSocketCount: 2,
            maxCachedSessions: 100,
            _sessionCache: [Object],
            [Symbol(shapeMode)]: false,
            [Symbol(kCapture)]: false
          },
          Server: [Function: Server],
          createServer: [Function: createServer],
          get: [Function: get],
          request: [Function: request]
        }
      },
      sensitiveHeaders: [],
      pathname: '/account/api/oauth/token'
    },
    _ended: true,
    _ending: true,
    _redirectCount: 0,
    _redirects: [],
    _requestBodyLength: 1085,
    _requestBodyBuffers: [
      {
        data: Buffer(1085) [Uint8Array] [
          103, 114,  97, 110, 116,  95, 116, 121, 112, 101,  61, 114,
          101, 102, 114, 101, 115, 104,  95, 116, 111, 107, 101, 110,
           38, 114, 101, 102, 114, 101, 115, 104,  95, 116, 111, 107,
          101, 110,  61, 101, 103,  49,  37,  55,  69, 101, 121,  74,
          114,  97,  87,  81, 105,  79, 105,  74, 110,  88,  49,  57,
           87,  83,  50, 112,  84,  85,  50,  49, 120,  83, 106,  66,
           52,  87, 109, 111, 120,  85, 108, 108, 114,  84,  69, 100,
           76,  85,  84, 100, 107,  98, 107, 104, 112,  84,  84, 108,
           78,  84,  71, 104,
          ... 985 more items
        ],
        encoding: undefined
      }
    ],
    _eventsCount: 3,
    _onNativeResponse: [Function (anonymous)],
    _headerFilter: /^(?:Authorization|Proxy-Authorization|Cookie)$/i,
    _currentRequest: <ref *2> ClientRequest {
      _events: [Object: null prototype] {
        response: [Function: bound onceWrapper] {
          listener: [Function (anonymous)]
        },
        error: [Function: noop]
      },
      _eventsCount: 2,
      _maxListeners: undefined,
      outputData: [],
      outputSize: 0,
      writable: true,
      destroyed: true,
      _last: false,
      chunkedEncoding: false,
      shouldKeepAlive: true,
      maxRequestsOnConnectionReached: false,
      _defaultKeepAlive: true,
      useChunkedEncodingByDefault: true,
      sendDate: false,
      _removedConnection: false,
      _removedContLen: false,
      _removedTE: false,
      strictContentLength: false,
      _contentLength: 1085,
      _hasBody: true,
      _trailer: '',
      finished: true,
      _headerSent: true,
      _closed: false,
      _header: 'POST /account/api/oauth/token HTTP/1.1\r\n' +
        'Accept: application/json, text/plain, */*\r\n' +
        'Content-Type: application/x-www-form-urlencoded\r\n' +
        'Accept-Language: en\r\n' +
        'Authorization: basic M2Y2OWU1NmM3NjQ5NDkyYzhjYzI5ZjFhZjA4YThhMTI6YjUxZWU5Y2IxMjIzNGY1MGE2OWVmYTY3ZWY1MzgxMmU=\r\n' +
        'User-Agent: axios/1.16.0\r\n' +
        'Content-Length: 1085\r\n' +
        'Accept-Encoding: gzip, compress, deflate, br\r\n' +
        'Host: account-public-service-prod.ol.epicgames.com\r\n' +
        'Connection: keep-alive\r\n' +
        '\r\n',
      _keepAliveTimeout: 0,
      _onPendingData: [Function: nop],
      agent: Agent {
        _events: [Object: null prototype] {
          free: [Function (anonymous)],
          newListener: [Function: maybeEnableKeylog]
        },
        _eventsCount: 2,
        _maxListeners: undefined,
        defaultPort: 443,
        protocol: 'https:',
        options: [Object: null prototype] {
          keepAlive: true,
          scheduling: 'lifo',
          timeout: 5000,
          noDelay: true,
          path: null
        },
        requests: [Object: null prototype] {},
        sockets: [Object: null prototype] {
          'account-public-service-prod.ol.epicgames.com:443:::::::::::::::::::::': [ [TLSSocket] ],
          'events-public-service-live.ol.epicgames.com:443:::::::::::::::::::::': [ [TLSSocket] ]
        },
        freeSockets: [Object: null prototype] {},
        keepAliveMsecs: 1000,
        keepAlive: true,
        maxSockets: Infinity,
        maxFreeSockets: 256,
        scheduling: 'lifo',
        maxTotalSockets: Infinity,
        totalSocketCount: 2,
        maxCachedSessions: 100,
        _sessionCache: {
          map: {
            'account-public-service-prod.ol.epicgames.com:443:::::::::::::::::::::': [Buffer [Uint8Array]],
            'eulatracking-public-service-prod-m.ol.epicgames.com:443:::::::::::::::::::::': [Buffer [Uint8Array]],
            'party-service-prod.ol.epicgames.com:443:::::::::::::::::::::': [Buffer [Uint8Array]]
          },
          list: [
            'account-public-service-prod.ol.epicgames.com:443:::::::::::::::::::::',
            'eulatracking-public-service-prod-m.ol.epicgames.com:443:::::::::::::::::::::',
            'party-service-prod.ol.epicgames.com:443:::::::::::::::::::::'
          ]
        },
        [Symbol(shapeMode)]: false,
        [Symbol(kCapture)]: false
      },
      socketPath: undefined,
      method: 'POST',
      maxHeaderSize: undefined,
      insecureHTTPParser: false,
      joinDuplicateHeaders: undefined,
      path: '/account/api/oauth/token',
      _ended: false,
      res: null,
      aborted: false,
      timeoutCb: [Function: emitRequestTimeout],
      upgradeOrConnect: false,
      parser: null,
      maxHeadersCount: null,
      reusedSocket: false,
      host: 'account-public-service-prod.ol.epicgames.com',
      protocol: 'https:',
      _redirectable: [Circular *1],
      [Symbol(shapeMode)]: false,
      [Symbol(kCapture)]: false,
      [Symbol(kBytesWritten)]: 0,
      [Symbol(kNeedDrain)]: false,
      [Symbol(corked)]: 0,
      [Symbol(kChunkedBuffer)]: [],
      [Symbol(kChunkedLength)]: 0,
      [Symbol(kSocket)]: <ref *3> TLSSocket {
        _tlsOptions: {
          allowHalfOpen: undefined,
          pipe: false,
          secureContext: SecureContext { context: SecureContext {} },
          isServer: false,
          requestCert: true,
          rejectUnauthorized: true,
          session: Buffer(1873) [Uint8Array] [
             48, 130,   7,  77,   2,   1,   1,   2,   2,   3,   4,   4,
              2,  19,   1,   4,  32,  64,  30,  56, 248,   4,  59, 156,
             77, 136, 133, 184,  77,  50, 146,  31,  50,   4,  12, 212,
             11, 120, 141,  26,   9, 223,  47,  54, 106, 128, 214,  19,
            104,   4,  32, 171, 129, 139, 125, 231, 209,  24,  25,  32,
            117, 220, 181,  70,  34, 149, 141, 212, 143, 175, 243, 215,
            101, 123,  79, 250,  42, 154, 252,  62, 179,  18,  62, 161,
              6,   2,   4, 106,  15,  22,  98, 162,   4,   2,   2,  28,
             32, 163, 130,   6,
            ... 1773 more items
          ],
          ALPNProtocols: undefined,
          requestOCSP: undefined,
          enableTrace: undefined,
          pskCallback: undefined,
          highWaterMark: undefined,
          onread: undefined,
          signal: undefined
        },
        _secureEstablished: false,
        _securePending: false,
        _newSessionPending: false,
        _controlReleased: true,
        secureConnecting: true,
        _SNICallback: null,
        servername: null,
        alpnProtocol: null,
        authorized: false,
        authorizationError: null,
        encrypted: true,
        _events: [Object: null prototype] {
          close: [
            [Function: onSocketCloseDestroySSL],
            [Function],
            [Function: onClose],
            [Function: socketCloseListener],
            [Function]
          ],
          end: [ [Function: onConnectEnd], [Function: onReadableStreamEnd] ],
          error: [
            [Function: socketErrorListener],
            [Function: handleSocketError]
          ],
          newListener: [ [Function: keylogNewListener], [Function: newListener] ],
          connect: [ [Function], [Function], [Function] ],
          secure: [Function: onConnectSecure],
          session: [Function (anonymous)],
          free: [Function: onFree],
          timeout: [ [Function: onTimeout], [Function], [Function (anonymous)] ],
          agentRemove: [Function: onRemove],
          data: undefined,
          drain: [Function: ondrain]
        },
        _eventsCount: 11,
        connecting: false,
        _hadError: true,
        _parent: null,
        _host: 'account-public-service-prod.ol.epicgames.com',
        _closeAfterHandlingError: false,
        _readableState: ReadableState {
          highWaterMark: 16384,
          buffer: [],
          bufferIndex: 0,
          length: 0,
          pipes: [],
          awaitDrainWriters: null,
          [Symbol(kState)]: 59777526,
          [Symbol(kErroredValue)]: AggregateError [ETIMEDOUT]: 
              at internalConnectMultiple (node:net:1134:18)
              at afterConnectMultiple (node:net:1715:7) {
            code: 'ETIMEDOUT',
            [errors]: [Array]
          }
        },
        _writableState: WritableState {
          highWaterMark: 16384,
          length: 1521,
          corked: 0,
          onwrite: [Function: bound onwrite],
          writelen: 1521,
          bufferedIndex: 0,
          pendingcb: 1,
          [Symbol(kState)]: 118260214,
          [Symbol(kBufferedValue)]: null,
          [Symbol(kWriteCbValue)]: [Function (anonymous)],
          [Symbol(kErroredValue)]: AggregateError [ETIMEDOUT]: 
              at internalConnectMultiple (node:net:1134:18)
              at afterConnectMultiple (node:net:1715:7) {
            code: 'ETIMEDOUT',
            [errors]: [Array]
          }
        },
        allowHalfOpen: false,
        _maxListeners: undefined,
        _sockname: null,
        _pendingData: [
          {
            chunk: 'POST /account/api/oauth/token HTTP/1.1\r\n' +
              'Accept: application/json, text/plain, */*\r\n' +
              'Content-Type: application/x-www-form-urlencoded\r\n' +
              'Accept-Language: en\r\n' +
              'Authorization: basic M2Y2OWU1NmM3NjQ5NDkyYzhjYzI5ZjFhZjA4YThhMTI6YjUxZWU5Y2IxMjIzNGY1MGE2OWVmYTY3ZWY1MzgxMmU=\r\n' +
              'User-Agent: axios/1.16.0\r\n' +
              'Content-Length: 1085\r\n' +
              'Accept-Encoding: gzip, compress, deflate, br\r\n' +
              'Host: account-public-service-prod.ol.epicgames.com\r\n' +
              'Connection: keep-alive\r\n' +
              '\r\n',
            encoding: 'latin1',
            callback: [Function: nop]
          },
          {
            chunk: [Buffer [Uint8Array]],
            encoding: 'buffer',
            callback: [Function: nop]
          },
          {
            chunk: '',
            encoding: 'latin1',
            callback: [Function: bound onFinish]
          },
          allBuffers: false
        ],
        _pendingEncoding: '',
        server: undefined,
        _server: null,
        ssl: null,
        _requestCert: true,
        _rejectUnauthorized: true,
        timeout: 0,
        parser: null,
        _httpMessage: [Circular *2],
        autoSelectFamilyAttemptedAddresses: [
          '98.95.226.191:443',
          '52.206.139.165:443',
          '54.147.192.141:443',
          '52.7.45.227:443',
          '100.30.41.242:443',
          '34.233.115.163:443',
          '3.228.85.187:443',
          '3.228.74.108:443'
        ],
        handle: TLSWrap {
          _parent: TCP {
            reading: [Getter/Setter],
            onconnection: null,
            [Symbol(owner_symbol)]: null,
            [Symbol(handle_onclose)]: [Function: done]
          },
          _parentWrap: null,
          _secureContext: SecureContext { context: SecureContext {} },
          reading: false,
          onkeylog: [Function: onkeylog],
          onhandshakestart: [Function: noop],
          onhandshakedone: [Function (anonymous)],
          onocspresponse: [Function: onocspresponse],
          onnewsession: [Function: onnewsessionclient],
          onerror: [Function: onerror],
          [Symbol(owner_symbol)]: [Circular *3]
        },
        [Symbol(alpncallback)]: null,
        [Symbol(res)]: TLSWrap {
          _parent: TCP {
            reading: [Getter/Setter],
            onconnection: null,
            [Symbol(owner_symbol)]: null,
            [Symbol(handle_onclose)]: [Function: done]
          },
          _parentWrap: null,
          _secureContext: SecureContext { context: SecureContext {} },
          reading: false,
          onkeylog: [Function: onkeylog],
          onhandshakestart: [Function: noop],
          onhandshakedone: [Function (anonymous)],
          onocspresponse: [Function: onocspresponse],
          onnewsession: [Function: onnewsessionclient],
          onerror: [Function: onerror],
          [Symbol(owner_symbol)]: [Circular *3]
        },
        [Symbol(verified)]: false,
        [Symbol(pendingSession)]: null,
        [Symbol(async_id_symbol)]: 62787,
        [Symbol(kHandle)]: null,
        [Symbol(lastWriteQueueSize)]: 0,
        [Symbol(timeout)]: Timeout {
          _idleTimeout: -1,
          _idlePrev: null,
          _idleNext: null,
          _idleStart: 6300045,
          _onTimeout: null,
          _timerArgs: undefined,
          _repeat: null,
          _destroyed: true,
          [Symbol(refed)]: false,
          [Symbol(kHasPrimitive)]: false,
          [Symbol(asyncId)]: 62742,
          [Symbol(triggerId)]: 52,
          [Symbol(kAsyncContextFrame)]: undefined
        },
        [Symbol(kBuffer)]: null,
        [Symbol(kBufferCb)]: null,
        [Symbol(kBufferGen)]: null,
        [Symbol(shapeMode)]: true,
        [Symbol(kCapture)]: false,
        [Symbol(kSetNoDelay)]: false,
        [Symbol(kSetKeepAlive)]: true,
        [Symbol(kSetKeepAliveInitialDelay)]: 60,
        [Symbol(kBytesRead)]: 0,
        [Symbol(kBytesWritten)]: 0,
        [Symbol(connect-options)]: {
          rejectUnauthorized: true,
          ciphers: 'TLS_AES_256_GCM_SHA384:TLS_CHACHA20_POLY1305_SHA256:TLS_AES_128_GCM_SHA256:ECDHE-RSA-AES128-GCM-SHA256:ECDHE-ECDSA-AES128-GCM-SHA256:ECDHE-RSA-AES256-GCM-SHA384:ECDHE-ECDSA-AES256-GCM-SHA384:DHE-RSA-AES128-GCM-SHA256:ECDHE-RSA-AES128-SHA256:DHE-RSA-AES128-SHA256:ECDHE-RSA-AES256-SHA384:DHE-RSA-AES256-SHA384:ECDHE-RSA-AES256-SHA256:DHE-RSA-AES256-SHA256:HIGH:!aNULL:!eNULL:!EXPORT:!DES:!RC4:!MD5:!PSK:!SRP:!CAMELLIA',
          checkServerIdentity: [Function: checkServerIdentity],
          minDHSize: 1024,
          session: Buffer(1873) [Uint8Array] [
             48, 130,   7,  77,   2,   1,   1,   2,   2,   3,   4,   4,
              2,  19,   1,   4,  32,  64,  30,  56, 248,   4,  59, 156,
             77, 136, 133, 184,  77,  50, 146,  31,  50,   4,  12, 212,
             11, 120, 141,  26,   9, 223,  47,  54, 106, 128, 214,  19,
            104,   4,  32, 171, 129, 139, 125, 231, 209,  24,  25,  32,
            117, 220, 181,  70,  34, 149, 141, 212, 143, 175, 243, 215,
            101, 123,  79, 250,  42, 154, 252,  62, 179,  18,  62, 161,
              6,   2,   4, 106,  15,  22,  98, 162,   4,   2,   2,  28,
             32, 163, 130,   6,
            ... 1773 more items
          ],
          maxRedirects: 21,
          maxBodyLength: Infinity,
          protocol: 'https:',
          path: null,
          method: 'POST',
          headers: [Object: null prototype] {
            Accept: 'application/json, text/plain, */*',
            'Content-Type': 'application/x-www-form-urlencoded',
            'Accept-Language': 'en',
            Authorization: 'basic M2Y2OWU1NmM3NjQ5NDkyYzhjYzI5ZjFhZjA4YThhMTI6YjUxZWU5Y2IxMjIzNGY1MGE2OWVmYTY3ZWY1MzgxMmU=',
            'User-Agent': 'axios/1.16.0',
            'Content-Length': '1085',
            'Accept-Encoding': 'gzip, compress, deflate, br'
          },
          agents: { http: undefined, https: undefined },
          auth: undefined,
          family: undefined,
          beforeRedirect: [Function: dispatchBeforeRedirect],
          beforeRedirects: [Object: null prototype] {
            proxy: [Function: beforeRedirect]
          },
          http2Options: undefined,
          hostname: 'account-public-service-prod.ol.epicgames.com',
          port: 443,
          agent: undefined,
          insecureHTTPParser: false,
          nativeProtocols: { 'http:': [Object], 'https:': [Object] },
          sensitiveHeaders: [],
          pathname: '/account/api/oauth/token',
          _defaultAgent: Agent {
            _events: [Object: null prototype],
            _eventsCount: 2,
            _maxListeners: undefined,
            defaultPort: 443,
            protocol: 'https:',
            options: [Object: null prototype],
            requests: [Object: null prototype] {},
            sockets: [Object: null prototype],
            freeSockets: [Object: null prototype] {},
            keepAliveMsecs: 1000,
            keepAlive: true,
            maxSockets: Infinity,
            maxFreeSockets: 256,
            scheduling: 'lifo',
            maxTotalSockets: Infinity,
            totalSocketCount: 2,
            maxCachedSessions: 100,
            _sessionCache: [Object],
            [Symbol(shapeMode)]: false,
            [Symbol(kCapture)]: false
          },
          host: 'account-public-service-prod.ol.epicgames.com',
          keepAlive: true,
          scheduling: 'lifo',
          timeout: 5000,
          noDelay: true,
          servername: 'account-public-service-prod.ol.epicgames.com',
          _agentKey: 'account-public-service-prod.ol.epicgames.com:443:::::::::::::::::::::',
          encoding: null,
          keepAliveInitialDelay: 1000
        },
        [Symbol(axios.http.socketListener)]: true,
        [Symbol(axios.http.currentReq)]: null
      },
      [Symbol(kOutHeaders)]: [Object: null prototype] {
        accept: [ 'Accept', 'application/json, text/plain, */*' ],
        'content-type': [ 'Content-Type', 'application/x-www-form-urlencoded' ],
        'accept-language': [ 'Accept-Language', 'en' ],
        authorization: [
          'Authorization',
          'basic M2Y2OWU1NmM3NjQ5NDkyYzhjYzI5ZjFhZjA4YThhMTI6YjUxZWU5Y2IxMjIzNGY1MGE2OWVmYTY3ZWY1MzgxMmU='
        ],
        'user-agent': [ 'User-Agent', 'axios/1.16.0' ],
        'content-length': [ 'Content-Length', '1085' ],
        'accept-encoding': [ 'Accept-Encoding', 'gzip, compress, deflate, br' ],
        host: [ 'Host', 'account-public-service-prod.ol.epicgames.com' ]
      },
      [Symbol(errored)]: null,
      [Symbol(kHighWaterMark)]: 16384,
      [Symbol(kRejectNonStandardBodyWrites)]: false,
      [Symbol(kUniqueHeaders)]: null,
      [Symbol(kError)]: AggregateError [ETIMEDOUT]: 
          at internalConnectMultiple (node:net:1134:18)
          at afterConnectMultiple (node:net:1715:7) {
        code: 'ETIMEDOUT',
        [errors]: [
          Error: connect ETIMEDOUT 98.95.226.191:443
              at createConnectionError (node:net:1678:14)
              at Timeout.internalConnectMultipleTimeout (node:net:1737:38)
              at listOnTimeout (node:internal/timers:590:11)
              at process.processTimers (node:internal/timers:523:7) {
            errno: -4039,
            code: 'ETIMEDOUT',
            syscall: 'connect',
            address: '98.95.226.191',
            port: 443
          },
          Error: connect ETIMEDOUT 52.206.139.165:443
              at createConnectionError (node:net:1678:14)
              at Timeout.internalConnectMultipleTimeout (node:net:1737:38)
              at listOnTimeout (node:internal/timers:590:11)
              at process.processTimers (node:internal/timers:523:7) {
            errno: -4039,
            code: 'ETIMEDOUT',
            syscall: 'connect',
            address: '52.206.139.165',
            port: 443
          },
          Error: connect ETIMEDOUT 54.147.192.141:443
              at createConnectionError (node:net:1678:14)
              at Timeout.internalConnectMultipleTimeout (node:net:1737:38)
              at listOnTimeout (node:internal/timers:590:11)
              at process.processTimers (node:internal/timers:523:7) {
            errno: -4039,
            code: 'ETIMEDOUT',
            syscall: 'connect',
            address: '54.147.192.141',
            port: 443
          },
          Error: connect ETIMEDOUT 52.7.45.227:443
              at createConnectionError (node:net:1678:14)
              at Timeout.internalConnectMultipleTimeout (node:net:1737:38)
              at listOnTimeout (node:internal/timers:590:11)
              at process.processTimers (node:internal/timers:523:7) {
            errno: -4039,
            code: 'ETIMEDOUT',
            syscall: 'connect',
            address: '52.7.45.227',
            port: 443
          },
          Error: connect ETIMEDOUT 100.30.41.242:443
              at createConnectionError (node:net:1678:14)
              at Timeout.internalConnectMultipleTimeout (node:net:1737:38)
              at listOnTimeout (node:internal/timers:590:11)
              at process.processTimers (node:internal/timers:523:7) {
            errno: -4039,
            code: 'ETIMEDOUT',
            syscall: 'connect',
            address: '100.30.41.242',
            port: 443
          },
          Error: connect ETIMEDOUT 34.233.115.163:443
              at createConnectionError (node:net:1678:14)
              at Timeout.internalConnectMultipleTimeout (node:net:1737:38)
              at listOnTimeout (node:internal/timers:590:11)
              at process.processTimers (node:internal/timers:523:7) {
            errno: -4039,
            code: 'ETIMEDOUT',
            syscall: 'connect',
            address: '34.233.115.163',
            port: 443
          },
          Error: connect ETIMEDOUT 3.228.85.187:443
              at createConnectionError (node:net:1678:14)
              at Timeout.internalConnectMultipleTimeout (node:net:1737:38)
              at listOnTimeout (node:internal/timers:590:11)
              at process.processTimers (node:internal/timers:523:7) {
            errno: -4039,
            code: 'ETIMEDOUT',
            syscall: 'connect',
            address: '3.228.85.187',
            port: 443
          },
          Error: connect ETIMEDOUT 3.228.74.108:443
              at createConnectionError (node:net:1678:14)
              at afterConnectMultiple (node:net:1708:16) {
            errno: -4039,
            code: 'ETIMEDOUT',
            syscall: 'connect',
            address: '3.228.74.108',
            port: 443
          }
        ]
      }
    },
    _currentUrl: 'https://account-public-service-prod.ol.epicgames.com/account/api/oauth/token',
    _timeout: null,
    [Symbol(shapeMode)]: true,
    [Symbol(kCapture)]: false
  },
  cause: AggregateError [ETIMEDOUT]: 
      at internalConnectMultiple (node:net:1134:18)
      at afterConnectMultiple (node:net:1715:7) {
    code: 'ETIMEDOUT',
    [errors]: [
      Error: connect ETIMEDOUT 98.95.226.191:443
          at createConnectionError (node:net:1678:14)
          at Timeout.internalConnectMultipleTimeout (node:net:1737:38)
          at listOnTimeout (node:internal/timers:590:11)
          at process.processTimers (node:internal/timers:523:7) {
        errno: -4039,
        code: 'ETIMEDOUT',
        syscall: 'connect',
        address: '98.95.226.191',
        port: 443
      },
      Error: connect ETIMEDOUT 52.206.139.165:443
          at createConnectionError (node:net:1678:14)
          at Timeout.internalConnectMultipleTimeout (node:net:1737:38)
          at listOnTimeout (node:internal/timers:590:11)
          at process.processTimers (node:internal/timers:523:7) {
        errno: -4039,
        code: 'ETIMEDOUT',
        syscall: 'connect',
        address: '52.206.139.165',
        port: 443
      },
      Error: connect ETIMEDOUT 54.147.192.141:443
          at createConnectionError (node:net:1678:14)
          at Timeout.internalConnectMultipleTimeout (node:net:1737:38)
          at listOnTimeout (node:internal/timers:590:11)
          at process.processTimers (node:internal/timers:523:7) {
        errno: -4039,
        code: 'ETIMEDOUT',
        syscall: 'connect',
        address: '54.147.192.141',
        port: 443
      },
      Error: connect ETIMEDOUT 52.7.45.227:443
          at createConnectionError (node:net:1678:14)
          at Timeout.internalConnectMultipleTimeout (node:net:1737:38)
          at listOnTimeout (node:internal/timers:590:11)
          at process.processTimers (node:internal/timers:523:7) {
        errno: -4039,
        code: 'ETIMEDOUT',
        syscall: 'connect',
        address: '52.7.45.227',
        port: 443
      },
      Error: connect ETIMEDOUT 100.30.41.242:443
          at createConnectionError (node:net:1678:14)
          at Timeout.internalConnectMultipleTimeout (node:net:1737:38)
          at listOnTimeout (node:internal/timers:590:11)
          at process.processTimers (node:internal/timers:523:7) {
        errno: -4039,
        code: 'ETIMEDOUT',
        syscall: 'connect',
        address: '100.30.41.242',
        port: 443
      },
      Error: connect ETIMEDOUT 34.233.115.163:443
          at createConnectionError (node:net:1678:14)
          at Timeout.internalConnectMultipleTimeout (node:net:1737:38)
          at listOnTimeout (node:internal/timers:590:11)
          at process.processTimers (node:internal/timers:523:7) {
        errno: -4039,
        code: 'ETIMEDOUT',
        syscall: 'connect',
        address: '34.233.115.163',
        port: 443
      },
      Error: connect ETIMEDOUT 3.228.85.187:443
          at createConnectionError (node:net:1678:14)
          at Timeout.internalConnectMultipleTimeout (node:net:1737:38)
          at listOnTimeout (node:internal/timers:590:11)
          at process.processTimers (node:internal/timers:523:7) {
        errno: -4039,
        code: 'ETIMEDOUT',
        syscall: 'connect',
        address: '3.228.85.187',
        port: 443
      },
      Error: connect ETIMEDOUT 3.228.74.108:443
          at createConnectionError (node:net:1678:14)
          at afterConnectMultiple (node:net:1708:16) {
        errno: -4039,
        code: 'ETIMEDOUT',
        syscall: 'connect',
        address: '3.228.74.108',
        port: 443
      }
    ]
  }
}

Node.js v22.18.0
